This is pdfTeX, Version 3.14159265-2.6-1.40.21 (MiKTeX 20.10) (preloaded format=pdflatex 2020.10.25)  29 OCT 2020 23:37
entering extended mode
**./docs.tex
(docs.tex
LaTeX2e <2020-10-01> patch level 1
L3 programming layer <2020-10-05> xparse <2020-03-03>
(/usr/local/share/miktex-texmf/tex/latex/base/report.cls
Document Class: report 2020/04/10 v1.4m Standard LaTeX document class
(/usr/local/share/miktex-texmf/tex/latex/base/size10.clo
File: size10.clo 2020/04/10 v1.4m Standard LaTeX file (size option)
)
\c@part=\count175
\c@chapter=\count176
\c@section=\count177
\c@subsection=\count178
\c@subsubsection=\count179
\c@paragraph=\count180
\c@subparagraph=\count181
\c@figure=\count182
\c@table=\count183
\abovecaptionskip=\skip47
\belowcaptionskip=\skip48
\bibindent=\dimen138
)
(/usr/local/share/miktex-texmf/tex/latex/base/inputenc.sty
Package: inputenc 2020/08/01 v1.3d Input encoding file
\inpenc@prehook=\toks15
\inpenc@posthook=\toks16
)
(/usr/local/share/miktex-texmf/tex/latex/preprint/authblk.sty
Package: authblk 2001/02/27 1.3 (PWD)
\affilsep=\skip49
\@affilsep=\skip50
\c@Maxaffil=\count184
\c@authors=\count185
\c@affil=\count186
)
(/usr/local/share/miktex-texmf/tex/latex/listings/listings.sty
(/usr/local/share/miktex-texmf/tex/latex/graphics/keyval.sty
Package: keyval 2014/10/28 v1.15 key=value parser (DPC)
\KV@toks@=\toks17
)
\lst@mode=\count187
\lst@gtempboxa=\box47
\lst@token=\toks18
\lst@length=\count188
\lst@currlwidth=\dimen139
\lst@column=\count189
\lst@pos=\count190
\lst@lostspace=\dimen140
\lst@width=\dimen141
\lst@newlines=\count191
\lst@lineno=\count192
\lst@maxwidth=\dimen142

(/usr/local/share/miktex-texmf/tex/latex/listings/lstmisc.sty
File: lstmisc.sty 2020/03/24 1.8d (Carsten Heinz)
\c@lstnumber=\count193
\lst@skipnumbers=\count194
\lst@framebox=\box48
)
(/usr/local/share/miktex-texmf/tex/latex/listings/listings.cfg
File: listings.cfg 2020/03/24 1.8d listings configuration
))
Package: listings 2020/03/24 1.8d (Carsten Heinz)

(/usr/local/share/miktex-texmf/tex/latex/l3backend/l3backend-pdftex.def
File: l3backend-pdftex.def 2020-09-24 L3 backend support: PDF output (pdfTeX)
\l__kernel_color_stack_int=\count195
\l__pdf_internal_box=\box49
)
No file docs.aux.
\openout1 = `docs.aux'.

LaTeX Font Info:    Checking defaults for OML/cmm/m/it on input line 14.
LaTeX Font Info:    ... okay on input line 14.
LaTeX Font Info:    Checking defaults for OMS/cmsy/m/n on input line 14.
LaTeX Font Info:    ... okay on input line 14.
LaTeX Font Info:    Checking defaults for OT1/cmr/m/n on input line 14.
LaTeX Font Info:    ... okay on input line 14.
LaTeX Font Info:    Checking defaults for T1/cmr/m/n on input line 14.
LaTeX Font Info:    ... okay on input line 14.
LaTeX Font Info:    Checking defaults for TS1/cmr/m/n on input line 14.
LaTeX Font Info:    ... okay on input line 14.
LaTeX Font Info:    Checking defaults for OMX/cmex/m/n on input line 14.
LaTeX Font Info:    ... okay on input line 14.
LaTeX Font Info:    Checking defaults for U/cmr/m/n on input line 14.
LaTeX Font Info:    ... okay on input line 14.
\c@lstlisting=\count196
LaTeX Font Info:    External font `cmex10' loaded for size
(Font)              <17.28> on input line 16.
LaTeX Font Info:    External font `cmex10' loaded for size
(Font)              <12> on input line 16.
LaTeX Font Info:    External font `cmex10' loaded for size
(Font)              <8> on input line 16.
LaTeX Font Info:    External font `cmex10' loaded for size
(Font)              <6> on input line 16.
[1

{/home/linuser/.miktex/texmfs/data/pdftex/config/pdftex.map}]
No file docs.toc.
\tf@toc=\write3
\openout3 = `docs.toc'.

[1

]
Capitolul 1.
LaTeX Font Info:    External font `cmex10' loaded for size
(Font)              <7> on input line 20.
LaTeX Font Info:    External font `cmex10' loaded for size
(Font)              <5> on input line 20.
LaTeX Font Info:    External font `cmex10' loaded for size
(Font)              <14.4> on input line 21.
[2

] [3]
Underfull \hbox (badness 10000) in paragraph at lines 73--77

 []

[4]
Underfull \hbox (badness 10000) in paragraph at lines 125--129

 []

[5]
Underfull \hbox (badness 10000) in paragraph at lines 160--164

 []


Overfull \hbox (2.32474pt too wide) in paragraph at lines 189--193
\OT1/cmr/m/n/10 dic[]ionare care con[]in datele parsate ^n for-mat human-reada
ble. Ast-fel, defini[]iile
 []


Underfull \hbox (badness 10000) in paragraph at lines 189--193

 []

[6]
Overfull \hbox (2.32474pt too wide) in paragraph at lines 210--214
\OT1/cmr/m/n/10 dic[]ionare care con[]in datele parsate ^n for-mat human-reada
ble. Ast-fel, defini[]iile
 []


Underfull \hbox (badness 10000) in paragraph at lines 210--214

 []


Underfull \hbox (badness 10000) in paragraph at lines 229--231

 []


Underfull \hbox (badness 10000) in paragraph at lines 232--236

 []

[7]
Underfull \hbox (badness 10000) in paragraph at lines 252--256

 []


Underfull \hbox (badness 10000) in paragraph at lines 273--277

 []

[8]
Underfull \hbox (badness 10000) in paragraph at lines 294--298

 []


Overfull \hbox (6.80989pt too wide) in paragraph at lines 315--319
\OT1/cmr/m/it/10 parse-Fixed-Header\OT1/cmr/m/n/10 , \OT1/cmr/m/it/10 par-se-Va
ri-able-Header []\OT1/cmr/m/n/10 i \OT1/cmr/m/it/10 parse-P-a-y-load-Header\OT1
/cmr/m/n/10 . []In urma execu[]iei
 []


Underfull \hbox (badness 10000) in paragraph at lines 315--319

 []

[9]
Underfull \hbox (badness 10000) in paragraph at lines 335--339

 []

[10]
Underfull \hbox (badness 10000) in paragraph at lines 368--372

 []


Underfull \hbox (badness 10000) in paragraph at lines 379--383

 []

[11] [12] [13] (docs.aux) ) 
Here is how much of TeX's memory you used:
 1927 strings out of 480237
 28636 string characters out of 2887671
 303762 words of memory out of 3000000
 18527 multiletter control sequences out of 15000+200000
 542777 words of font info for 55 fonts, out of 3000000 for 9000
 1141 hyphenation exceptions out of 8191
 47i,6n,55p,459b,263s stack positions out of 5000i,500n,10000p,200000b,50000s
</usr/local/share/miktex-texmf/fonts/type1/public/am
sfonts/cm/cmbx10.pfb></usr/local/share/miktex-texmf/fonts/type1/public/amsfonts
/cm/cmbx12.pfb></usr/local/share/miktex-texmf/fonts/type1/public/amsfonts/cm/cm
bx7.pfb></usr/local/share/miktex-texmf/fonts/type1/public/amsfonts/cm/cmr10.pfb
></usr/local/share/miktex-texmf/fonts/type1/public/amsfonts/cm/cmr12.pfb></usr/
local/share/miktex-texmf/fonts/type1/public/amsfonts/cm/cmr17.pfb></usr/local/s
hare/miktex-texmf/fonts/type1/public/amsfonts/cm/cmr5.pfb></usr/local/share/mik
tex-texmf/fonts/type1/public/amsfonts/cm/cmr6.pfb></usr/local/share/miktex-texm
f/fonts/type1/public/amsfonts/cm/cmti10.pfb></usr/local/share/miktex-texmf/font
s/type1/public/amsfonts/cm/cmtt10.pfb></usr/local/share/miktex-texmf/fonts/type
1/public/amsfonts/cm/cmtt8.pfb>
Output written on docs.pdf (14 pages, 162888 bytes).
PDF statistics:
 92 PDF objects out of 1000 (max. 8388607)
 0 named destinations out of 1000 (max. 500000)
 1 words of extra memory for PDF output out of 10000 (max. 10000000)

